5 -7 90.4
-1 -7 71.4
5 -1 100.0
-1 -1 97.2
11 -7 98.2
11 -1 100.0
5 -13 72.4
-1 -13 62.0
11 -13 90.4
-3 -7 62.0
-3 -1 97.8
-3 -13 62.0
5 1 100.0
-1 1 99.4
11 1 100.0
-3 1 98.6
9 -7 94.0
9 -1 100.0
9 -13 88.0
9 1 100.0
5 -11 89.2
-1 -11 62.0
11 -11 88.0
-3 -11 62.0
9 -11 90.4
3 -7 88.8
3 -1 99.4
3 -13 62.0
3 1 100.0
3 -11 72.4
5 -5 94.8
-1 -5 91.0
11 -5 99.4
-3 -5 70.2
9 -5 99.4
3 -5 91.8
15 -7 99.4
15 -1 100.0
15 -13 88.0
15 1 100.0
15 -11 91.2
15 -5 100.0
5 -15 62.0
-1 -15 62.0
11 -15 88.0
-3 -15 62.0
9 -15 88.6
3 -15 62.0
15 -15 88.0
-5 -7 62.0
-5 -1 95.8
-5 -13 62.0
-5 1 96.6
-5 -11 62.0
-5 -5 62.0
-5 -15 62.0
5 3 100.0
-1 3 100.0
11 3 100.0
-3 3 99.4
9 3 100.0
3 3 100.0
15 3 100.0
-5 3 82.6
7 -7 90.8
7 -1 100.0
7 -13 88.6
7 1 100.0
7 -11 88.0
7 -5 99.0
7 -15 72.4
7 3 100.0
5 -9 88.0
-1 -9 62.0
11 -9 91.2
-3 -9 62.0
9 -9 88.0
3 -9 88.8
15 -9 98.2
-5 -9 62.0
7 -9 90.4
1 -7 89.8
1 -1 99.4
1 -13 62.0
1 1 99.8
1 -11 62.0
1 -5 90.8
1 -15 62.0
1 3 100.0
1 -9 72.4
5 -3 99.4
-1 -3 92.6
11 -3 100.0
-3 -3 92.4
9 -3 99.6
3 -3 98.6
15 -3 100.0
-5 -3 66.4
7 -3 99.4
1 -3 95.6
13 -7 99.4
13 -1 100.0
13 -13 88.0
13 1 100.0
13 -11 88.0
13 -5 99.6
13 -15 88.4
13 3 100.0
13 -9 94.0
13 -3 100.0
